
## WARNING: Conflicting coverages reported at WHP6356.vcf|gene-N|28493
## An averaging has taken place.

## WARNING: Conflicting coverages reported at WHP6901-H2-iseq.vcf|gene-N|28493
## An averaging has taken place.

## WARNING: Conflicting coverages reported at WHP6270.vcf|gene-N|28493
## An averaging has taken place.

## WARNING: Conflicting coverages reported at WHP6244.vcf|gene-orf1ab|6524
## An averaging has taken place.

## WARNING: Conflicting coverages reported at WHP5583.vcf|gene-N|28493
## An averaging has taken place.

## WARNING: Conflicting coverages reported at WHP5546.vcf|gene-N|28493
## An averaging has taken place.

## WARNING: Conflicting coverages reported at WHP6362.vcf|gene-N|28493
## An averaging has taken place.

## WARNING: Conflicting coverages reported at WHP6249-repeat-A4-iseq.vcf|gene-orf1ab|13730
## An averaging has taken place.

## WARNING: Conflicting coverages reported at WHP6357.vcf|gene-N|28493
## An averaging has taken place.

## WARNING: Conflicting coverages reported at WHP6340.vcf|gene-N|28493
## An averaging has taken place.

## WARNING: Conflicting coverages reported at WHP6330.vcf|gene-N|28493
## An averaging has taken place.

## WARNING: Conflicting coverages reported at WHP2524.vcf|gene-orf1ab|15004
## An averaging has taken place.

## WARNING: Conflicting coverages reported at WHP3692.vcf|gene-orf1ab|6374
## An averaging has taken place.

## WARNING: Conflicting coverages reported at WHP3692.vcf|gene-orf1ab|15004
## An averaging has taken place.

## WARNING: Conflicting coverages reported at WHP3425.vcf|gene-orf1ab|6374
## An averaging has taken place.

## WARNING: Conflicting coverages reported at WHP3425.vcf|gene-orf1ab|13520
## An averaging has taken place.

## WARNING: Conflicting coverages reported at WHP3425.vcf|gene-orf1ab|13978
## An averaging has taken place.

## WARNING: Conflicting coverages reported at WHP3425.vcf|gene-orf1ab|15004
## An averaging has taken place.

## WARNING: Conflicting coverages reported at WHP3425.vcf|gene-orf1ab|16246
## An averaging has taken place.

## WARNING: Conflicting coverages reported at WHP3425.vcf|gene-N|28793
## An averaging has taken place.

## WARNING: Conflicting coverages reported at WHP4147.vcf|gene-orf1ab|6374
## An averaging has taken place.

## WARNING: Conflicting coverages reported at WHP4147.vcf|gene-orf1ab|15004
## An averaging has taken place.

## WARNING: Conflicting coverages reported at RE-WHP2745.vcf|gene-orf1ab|18310
## An averaging has taken place.

## WARNING: Conflicting coverages reported at WHP2853.vcf|gene-orf1ab|11830
## An averaging has taken place.

## WARNING: Conflicting coverages reported at WHP4203.vcf|gene-orf1ab|7873
## An averaging has taken place.

## WARNING: Conflicting coverages reported at WHP1995.vcf|gene-orf1ab|6374
## An averaging has taken place.

## WARNING: Conflicting coverages reported at WHP1995.vcf|gene-orf1ab|15004
## An averaging has taken place.

## WARNING: Conflicting coverages reported at WHP1995.vcf|gene-orf1ab|16246
## An averaging has taken place.

## WARNING: Conflicting coverages reported at WHP1995.vcf|gene-N|28793
## An averaging has taken place.

## WARNING: Conflicting coverages reported at WHP2219.vcf|gene-orf1ab|15004
## An averaging has taken place.

## WARNING: Conflicting coverages reported at WHP1790.vcf|gene-M|26819
## An averaging has taken place.

## WARNING: Conflicting coverages reported at WHP2341.vcf|gene-E|26406
## An averaging has taken place.

## WARNING: Conflicting coverages reported at WHP1589.vcf|gene-orf1ab|5425
## An averaging has taken place.

## WARNING: Conflicting coverages reported at WHP2030.vcf|gene-orf1ab|6374
## An averaging has taken place.

## WARNING: Conflicting coverages reported at WHP2030.vcf|gene-N|28793
## An averaging has taken place.

## WARNING: Conflicting coverages reported at WHP1596.vcf|gene-orf1ab|15487
## An averaging has taken place.

## WARNING: Conflicting coverages reported at WHP1857.vcf|gene-orf1ab|6374
## An averaging has taken place.

## WARNING: Conflicting coverages reported at WHP1857.vcf|gene-orf1ab|15004
## An averaging has taken place.

## WARNING: Conflicting coverages reported at WHP1993.vcf|gene-orf1ab|18181
## An averaging has taken place.

## WARNING: Conflicting coverages reported at WHP1513.vcf|gene-orf1ab|6374
## An averaging has taken place.

## WARNING: Conflicting coverages reported at WHP2257.vcf|gene-orf1ab|10300
## An averaging has taken place.

## WARNING: Conflicting coverages reported at WHP1885.vcf|gene-orf1ab|6374
## An averaging has taken place.

## WARNING: Conflicting coverages reported at WHP1967.vcf|gene-E|26468
## An averaging has taken place.

## WARNING: Conflicting coverages reported at WHP3297.vcf|gene-orf1ab|6374
## An averaging has taken place.

## WARNING: Conflicting coverages reported at WHP3297.vcf|gene-orf1ab|15004
## An averaging has taken place.

## WARNING: Conflicting coverages reported at WHP6344.vcf|gene-ORF7a|27407
## An averaging has taken place.

## WARNING: Conflicting coverages reported at WHP5895.vcf|gene-N|28493
## An averaging has taken place.
